proj_1.trace LRU 4096 64492 3935508 1.61230
proj_1.trace LRU 8192 91396 3908604 2.28490
proj_1.trace LRU 16384 107590 3892410 2.68975
proj_1.trace LRU 32768 115426 3884574 2.88565
proj_1.trace LRU 65536 124627 3875373 3.11567
proj_1.trace LRU 131072 134488 3865512 3.36220
proj_1.trace LRU 262144 149022 3850978 3.72555
proj_1.trace LRU 524288 156859 3843141 3.92148
proj_1.trace LRU 1048576 164188 3835812 4.10470
proj_1.trace FIFO 4096 64480 3935520 1.61200
proj_1.trace FIFO 8192 91249 3908751 2.28123
proj_1.trace FIFO 16384 107313 3892687 2.68282
proj_1.trace FIFO 32768 116017 3883983 2.90042
proj_1.trace FIFO 65536 123877 3876123 3.09693
proj_1.trace FIFO 131072 134490 3865510 3.36225
proj_1.trace FIFO 262144 148800 3851200 3.72000
proj_1.trace FIFO 524288 156665 3843335 3.91662
proj_1.trace FIFO 1048576 164065 3835935 4.10163
proj_1.trace RAND 4096 55310 3944690 1.38275
proj_1.trace RAND 8192 75866 3924134 1.89665
proj_1.trace RAND 16384 93058 3906942 2.32645
proj_1.trace RAND 32768 107960 3892040 2.69900
proj_1.trace RAND 65536 121547 3878453 3.03868
proj_1.trace RAND 131072 134807 3865193 3.37018
proj_1.trace RAND 262144 149365 3850635 3.73413
proj_1.trace RAND 524288 158225 3841775 3.95562
proj_1.trace RAND 1048576 169620 3830380 4.24050
prxy_1.trace LRU 4096 1192077 1807923 39.73590
prxy_1.trace LRU 8192 1300175 1699825 43.33917
prxy_1.trace LRU 16384 2875004 124996 95.83347
prxy_1.trace LRU 32768 2966412 33588 98.88040
prxy_1.trace LRU 65536 2966728 33272 98.89093
prxy_1.trace LRU 131072 2966728 33272 98.89093
prxy_1.trace LRU 262144 2966728 33272 98.89093
prxy_1.trace LRU 524288 2966728 33272 98.89093
prxy_1.trace LRU 1048576 2966728 33272 98.89093
prxy_1.trace FIFO 4096 1192076 1807924 39.73587
prxy_1.trace FIFO 8192 1298257 1701743 43.27523
prxy_1.trace FIFO 16384 2868758 131242 95.62527
prxy_1.trace FIFO 32768 2957209 42791 98.57363
prxy_1.trace FIFO 65536 2966728 33272 98.89093
prxy_1.trace FIFO 131072 2966728 33272 98.89093
prxy_1.trace FIFO 262144 2966728 33272 98.89093
prxy_1.trace FIFO 524288 2966728 33272 98.89093
prxy_1.trace FIFO 1048576 2966728 33272 98.89093
prxy_1.trace RAND 4096 1255241 1744759 41.84137
prxy_1.trace RAND 8192 1924600 1075400 64.15333
prxy_1.trace RAND 16384 2878908 121092 95.96360
prxy_1.trace RAND 32768 2966420 33580 98.88067
prxy_1.trace RAND 65536 2966728 33272 98.89093
prxy_1.trace RAND 131072 2966728 33272 98.89093
prxy_1.trace RAND 262144 2966728 33272 98.89093
prxy_1.trace RAND 524288 2966728 33272 98.89093
prxy_1.trace RAND 1048576 2966728 33272 98.89093
Financial2_01.trace LRU 4096 873918 69358 92.64711
Financial2_01.trace LRU 8192 891242 52034 94.48369
Financial2_01.trace LRU 16384 900667 42609 95.48287
Financial2_01.trace LRU 32768 906821 36455 96.13528
Financial2_01.trace LRU 65536 907043 36233 96.15881
Financial2_01.trace LRU 131072 907043 36233 96.15881
Financial2_01.trace LRU 262144 907043 36233 96.15881
Financial2_01.trace LRU 524288 907043 36233 96.15881
Financial2_01.trace LRU 1048576 907043 36233 96.15881
Financial2_01.trace FIFO 4096 873667 69609 92.62051
Financial2_01.trace FIFO 8192 890790 52486 94.43577
Financial2_01.trace FIFO 16384 901113 42163 95.53015
Financial2_01.trace FIFO 32768 905302 37974 95.97424
Financial2_01.trace FIFO 65536 907043 36233 96.15881
Financial2_01.trace FIFO 131072 907043 36233 96.15881
Financial2_01.trace FIFO 262144 907043 36233 96.15881
Financial2_01.trace FIFO 524288 907043 36233 96.15881
Financial2_01.trace FIFO 1048576 907043 36233 96.15881
Financial2_01.trace RAND 4096 872114 71162 92.45587
Financial2_01.trace RAND 8192 890500 52776 94.40503
Financial2_01.trace RAND 16384 900625 42651 95.47842
Financial2_01.trace RAND 32768 906761 36515 96.12892
Financial2_01.trace RAND 65536 907043 36233 96.15881
Financial2_01.trace RAND 131072 907043 36233 96.15881
Financial2_01.trace RAND 262144 907043 36233 96.15881
Financial2_01.trace RAND 524288 907043 36233 96.15881
Financial2_01.trace RAND 1048576 907043 36233 96.15881
synthetic2.trace LRU 4096 576571 1423429 28.82855
synthetic2.trace LRU 8192 682644 1317356 34.13220
synthetic2.trace LRU 16384 800320 1199680 40.01600
synthetic2.trace LRU 32768 932125 1067875 46.60625
synthetic2.trace LRU 65536 1079094 920906 53.95470
synthetic2.trace LRU 131072 1241397 758603 62.06985
synthetic2.trace LRU 262144 1413339 586661 70.66695
synthetic2.trace LRU 524288 1519321 480679 75.96605
synthetic2.trace LRU 1048576 1519321 480679 75.96605
synthetic2.trace FIFO 4096 576538 1423462 28.82690
synthetic2.trace FIFO 8192 682573 1317427 34.12865
synthetic2.trace FIFO 16384 800170 1199830 40.00850
synthetic2.trace FIFO 32768 931509 1068491 46.57545
synthetic2.trace FIFO 65536 1077443 922557 53.87215
synthetic2.trace FIFO 131072 1236946 763054 61.84730
synthetic2.trace FIFO 262144 1402040 597960 70.10200
synthetic2.trace FIFO 524288 1519321 480679 75.96605
synthetic2.trace FIFO 1048576 1519321 480679 75.96605
synthetic2.trace RAND 4096 576669 1423331 28.83345
synthetic2.trace RAND 8192 683043 1316957 34.15215
synthetic2.trace RAND 16384 800429 1199571 40.02145
synthetic2.trace RAND 32768 932938 1067062 46.64690
synthetic2.trace RAND 65536 1079155 920845 53.95775
synthetic2.trace RAND 131072 1242492 757508 62.12460
synthetic2.trace RAND 262144 1415915 584085 70.79575
synthetic2.trace RAND 524288 1519321 480679 75.96605
synthetic2.trace RAND 1048576 1519321 480679 75.96605
HW1sample.trace LRU 4096 1390 8610 13.90000
HW1sample.trace LRU 8192 1798 8202 17.98000
HW1sample.trace LRU 16384 1798 8202 17.98000
HW1sample.trace LRU 32768 1798 8202 17.98000
HW1sample.trace LRU 65536 1798 8202 17.98000
HW1sample.trace LRU 131072 1798 8202 17.98000
HW1sample.trace LRU 262144 1798 8202 17.98000
HW1sample.trace LRU 524288 1798 8202 17.98000
HW1sample.trace LRU 1048576 1798 8202 17.98000
HW1sample.trace FIFO 4096 1359 8641 13.59000
HW1sample.trace FIFO 8192 1798 8202 17.98000
HW1sample.trace FIFO 16384 1798 8202 17.98000
HW1sample.trace FIFO 32768 1798 8202 17.98000
HW1sample.trace FIFO 65536 1798 8202 17.98000
HW1sample.trace FIFO 131072 1798 8202 17.98000
HW1sample.trace FIFO 262144 1798 8202 17.98000
HW1sample.trace FIFO 524288 1798 8202 17.98000
HW1sample.trace FIFO 1048576 1798 8202 17.98000
HW1sample.trace RAND 4096 1452 8548 14.52000
HW1sample.trace RAND 8192 1798 8202 17.98000
HW1sample.trace RAND 16384 1798 8202 17.98000
HW1sample.trace RAND 32768 1798 8202 17.98000
HW1sample.trace RAND 65536 1798 8202 17.98000
HW1sample.trace RAND 131072 1798 8202 17.98000
HW1sample.trace RAND 262144 1798 8202 17.98000
HW1sample.trace RAND 524288 1798 8202 17.98000
HW1sample.trace RAND 1048576 1798 8202 17.98000
webmail.trace LRU 4096 1316734 1683266 43.89113
webmail.trace LRU 8192 1378675 1621325 45.95583
webmail.trace LRU 16384 1418639 1581361 47.28797
webmail.trace LRU 32768 1550567 1449433 51.68557
webmail.trace LRU 65536 2100902 899098 70.03007
webmail.trace LRU 131072 2395745 604255 79.85817
webmail.trace LRU 262144 2634632 365368 87.82107
webmail.trace LRU 524288 2670953 329047 89.03177
webmail.trace LRU 1048576 2670953 329047 89.03177
webmail.trace FIFO 4096 1316519 1683481 43.88397
webmail.trace FIFO 8192 1378427 1621573 45.94757
webmail.trace FIFO 16384 1418639 1581361 47.28797
webmail.trace FIFO 32768 1550563 1449437 51.68543
webmail.trace FIFO 65536 2100801 899199 70.02670
webmail.trace FIFO 131072 2441476 558524 81.38253
webmail.trace FIFO 262144 2658817 341183 88.62723
webmail.trace FIFO 524288 2670953 329047 89.03177
webmail.trace FIFO 1048576 2670953 329047 89.03177
webmail.trace RAND 4096 1307496 1692504 43.58320
webmail.trace RAND 8192 1373148 1626852 45.77160
webmail.trace RAND 16384 1480497 1519503 49.34990
webmail.trace RAND 32768 1770525 1229475 59.01750
webmail.trace RAND 65536 2104364 895636 70.14547
webmail.trace RAND 131072 2413886 586114 80.46287
webmail.trace RAND 262144 2624488 375512 87.48293
webmail.trace RAND 524288 2670953 329047 89.03177
webmail.trace RAND 1048576 2670953 329047 89.03177
src1_2.trace LRU 4096 1096947 810826 57.49882
src1_2.trace LRU 8192 1235662 672111 64.76987
src1_2.trace LRU 16384 1346689 561084 70.58958
src1_2.trace LRU 32768 1436250 471523 75.28411
src1_2.trace LRU 65536 1589622 318151 83.32344
src1_2.trace LRU 131072 1740686 167087 91.24178
src1_2.trace LRU 262144 1753646 154127 91.92110
src1_2.trace LRU 524288 1753646 154127 91.92110
src1_2.trace LRU 1048576 1753646 154127 91.92110
src1_2.trace FIFO 4096 1096947 810826 57.49882
src1_2.trace FIFO 8192 1236041 671732 64.78973
src1_2.trace FIFO 16384 1346675 561098 70.58885
src1_2.trace FIFO 32768 1437721 470052 75.36122
src1_2.trace FIFO 65536 1569146 338627 82.25014
src1_2.trace FIFO 131072 1717103 190670 90.00562
src1_2.trace FIFO 262144 1753646 154127 91.92110
src1_2.trace FIFO 524288 1753646 154127 91.92110
src1_2.trace FIFO 1048576 1753646 154127 91.92110
src1_2.trace RAND 4096 1084017 823756 56.82107
src1_2.trace RAND 8192 1217028 690745 63.79312
src1_2.trace RAND 16384 1325363 582410 69.47173
src1_2.trace RAND 32768 1436503 471270 75.29738
src1_2.trace RAND 65536 1586081 321692 83.13783
src1_2.trace RAND 131072 1741524 166249 91.28570
src1_2.trace RAND 262144 1753646 154127 91.92110
src1_2.trace RAND 524288 1753646 154127 91.92110
src1_2.trace RAND 1048576 1753646 154127 91.92110
synthetic.trace LRU 4096 1141639 955513 54.43759
synthetic.trace LRU 8192 1276937 820215 60.88910
synthetic.trace LRU 16384 1416285 680867 67.53373
synthetic.trace LRU 32768 1560612 536540 74.41578
synthetic.trace LRU 65536 1710724 386428 81.57368
synthetic.trace LRU 131072 1857303 239849 88.56311
synthetic.trace LRU 262144 1905849 191303 90.87796
synthetic.trace LRU 524288 1905849 191303 90.87796
synthetic.trace LRU 1048576 1905849 191303 90.87796
synthetic.trace FIFO 4096 1141543 955609 54.43301
synthetic.trace FIFO 8192 1276682 820470 60.87694
synthetic.trace FIFO 16384 1415730 681422 67.50727
synthetic.trace FIFO 32768 1559280 537872 74.35226
synthetic.trace FIFO 65536 1707225 389927 81.40683
synthetic.trace FIFO 131072 1848492 248660 88.14297
synthetic.trace FIFO 262144 1905849 191303 90.87796
synthetic.trace FIFO 524288 1905849 191303 90.87796
synthetic.trace FIFO 1048576 1905849 191303 90.87796
synthetic.trace RAND 4096 1141941 955211 54.45199
synthetic.trace RAND 8192 1276870 820282 60.88591
synthetic.trace RAND 16384 1415843 681309 67.51266
synthetic.trace RAND 32768 1560671 536481 74.41859
synthetic.trace RAND 65536 1711116 386036 81.59237
synthetic.trace RAND 131072 1857865 239287 88.58991
synthetic.trace RAND 262144 1905849 191303 90.87796
synthetic.trace RAND 524288 1905849 191303 90.87796
synthetic.trace RAND 1048576 1905849 191303 90.87796
