proj_1.trace HW2 4096 72718 3927282 1.81795
proj_1.trace HW2 8192 92633 3907367 2.31582
proj_1.trace HW2 16384 112122 3887878 2.80305
proj_1.trace HW2 32768 138553 3861447 3.46382
proj_1.trace HW2 65536 151167 3848833 3.77917
proj_1.trace HW2 131072 161664 3838336 4.04160
proj_1.trace HW2 262144 169171 3830829 4.22928
proj_1.trace HW2 524288 171367 3828633 4.28418
proj_1.trace HW2 1048576 173644 3826356 4.34110
prxy_1.trace HW2 4096 1642356 1357644 54.74520
prxy_1.trace HW2 8192 1361975 1638025 45.39917
prxy_1.trace HW2 16384 2922121 77879 97.40403
prxy_1.trace HW2 32768 2966717 33283 98.89057
prxy_1.trace HW2 65536 2966728 33272 98.89093
prxy_1.trace HW2 131072 2966728 33272 98.89093
prxy_1.trace HW2 262144 2966728 33272 98.89093
prxy_1.trace HW2 524288 2966728 33272 98.89093
prxy_1.trace HW2 1048576 2966728 33272 98.89093
Financial2_01.trace HW2 4096 893212 50064 94.69254
Financial2_01.trace HW2 8192 900069 43207 95.41947
Financial2_01.trace HW2 16384 905122 38154 95.95516
Financial2_01.trace HW2 32768 907025 36251 96.15690
Financial2_01.trace HW2 65536 907043 36233 96.15881
Financial2_01.trace HW2 131072 907043 36233 96.15881
Financial2_01.trace HW2 262144 907043 36233 96.15881
Financial2_01.trace HW2 524288 907043 36233 96.15881
Financial2_01.trace HW2 1048576 907043 36233 96.15881
synthetic2.trace HW2 4096 823990 1176010 41.19950
synthetic2.trace HW2 8192 920380 1079620 46.01900
synthetic2.trace HW2 16384 1022647 977353 51.13235
synthetic2.trace HW2 32768 1115950 884050 55.79750
synthetic2.trace HW2 65536 1209048 790952 60.45240
synthetic2.trace HW2 131072 1306720 693280 65.33600
synthetic2.trace HW2 262144 1440659 559341 72.03295
synthetic2.trace HW2 524288 1519321 480679 75.96605
synthetic2.trace HW2 1048576 1519321 480679 75.96605
HW1sample.trace HW2 4096 1565 8435 15.65000
HW1sample.trace HW2 8192 1798 8202 17.98000
HW1sample.trace HW2 16384 1798 8202 17.98000
HW1sample.trace HW2 32768 1798 8202 17.98000
HW1sample.trace HW2 65536 1798 8202 17.98000
HW1sample.trace HW2 131072 1798 8202 17.98000
HW1sample.trace HW2 262144 1798 8202 17.98000
HW1sample.trace HW2 524288 1798 8202 17.98000
HW1sample.trace HW2 1048576 1798 8202 17.98000
webmail.trace HW2 4096 1798 8202 17.98000
webmail.trace HW2 8192 1473543 1526457 49.11810
webmail.trace HW2 16384 1511528 1488472 50.38427
webmail.trace HW2 32768 1511528 1488472 50.38427
webmail.trace HW2 65536 2238498 761502 74.61660
webmail.trace HW2 131072 2464387 535613 82.14623
webmail.trace HW2 262144 2670901 329099 89.03003
webmail.trace HW2 524288 2670953 329047 89.03177
webmail.trace HW2 1048576 2670953 329047 89.03177
src1_2.trace HW2 4096 1224194 683579 64.16875
src1_2.trace HW2 8192 1320594 587179 69.22176
src1_2.trace HW2 16384 1405328 502445 73.66327
src1_2.trace HW2 32768 1515825 391948 79.45521
src1_2.trace HW2 65536 1584997 322776 83.08101
src1_2.trace HW2 131072 1751990 155783 91.83430
src1_2.trace HW2 262144 1753646 154127 91.92110
src1_2.trace HW2 524288 1753646 154127 91.92110
src1_2.trace HW2 1048576 1753646 154127 91.92110
synthetic.trace HW2 4096 1361943 735209 64.94250
synthetic.trace HW2 8192 1471269 625883 70.15557
synthetic.trace HW2 16384 1575221 521931 75.11239
synthetic.trace HW2 32768 1665682 431470 79.42591
synthetic.trace HW2 65536 1755297 341855 83.69908
synthetic.trace HW2 131072 1866721 230431 89.01219
synthetic.trace HW2 262144 1905849 191303 90.87796
synthetic.trace HW2 524288 1905849 191303 90.87796
synthetic.trace HW2 1048576 1905849 191303 90.87796
proj_1.trace HW2_p0 4096 67418 3932582 1.68545
proj_1.trace HW2_p0 8192 88257 3911743 2.20642
proj_1.trace HW2_p0 16384 96390 3903610 2.40975
proj_1.trace HW2_p0 32768 136004 3863996 3.40010
proj_1.trace HW2_p0 65536 153942 3846058 3.84855
proj_1.trace HW2_p0 131072 163734 3836266 4.09335
proj_1.trace HW2_p0 262144 169171 3830829 4.22928
proj_1.trace HW2_p0 524288 171367 3828633 4.28418
proj_1.trace HW2_p0 1048576 173644 3826356 4.34110
prxy_1.trace HW2_p0 4096 1642356 1357644 54.74520
prxy_1.trace HW2_p0 8192 1361975 1638025 45.39917
prxy_1.trace HW2_p0 16384 2922121 77879 97.40403
prxy_1.trace HW2_p0 32768 2966717 33283 98.89057
prxy_1.trace HW2_p0 65536 2966728 33272 98.89093
prxy_1.trace HW2_p0 131072 2966728 33272 98.89093
prxy_1.trace HW2_p0 262144 2966728 33272 98.89093
prxy_1.trace HW2_p0 524288 2966728 33272 98.89093
prxy_1.trace HW2_p0 1048576 2966728 33272 98.89093
Financial2_01.trace HW2_p0 4096 893212 50064 94.69254
Financial2_01.trace HW2_p0 8192 900069 43207 95.41947
Financial2_01.trace HW2_p0 16384 905122 38154 95.95516
Financial2_01.trace HW2_p0 32768 907025 36251 96.15690
Financial2_01.trace HW2_p0 65536 907043 36233 96.15881
Financial2_01.trace HW2_p0 131072 907043 36233 96.15881
Financial2_01.trace HW2_p0 262144 907043 36233 96.15881
Financial2_01.trace HW2_p0 524288 907043 36233 96.15881
Financial2_01.trace HW2_p0 1048576 907043 36233 96.15881
synthetic2.trace HW2_p0 4096 823990 1176010 41.19950
synthetic2.trace HW2_p0 8192 920380 1079620 46.01900
synthetic2.trace HW2_p0 16384 1022647 977353 51.13235
synthetic2.trace HW2_p0 32768 1115950 884050 55.79750
synthetic2.trace HW2_p0 65536 1209048 790952 60.45240
synthetic2.trace HW2_p0 131072 1306720 693280 65.33600
synthetic2.trace HW2_p0 262144 1440659 559341 72.03295
synthetic2.trace HW2_p0 524288 1519321 480679 75.96605
synthetic2.trace HW2_p0 1048576 1519321 480679 75.96605
HW1sample.trace HW2_p0 4096 1565 8435 15.65000
HW1sample.trace HW2_p0 8192 1798 8202 17.98000
HW1sample.trace HW2_p0 16384 1798 8202 17.98000
HW1sample.trace HW2_p0 32768 1798 8202 17.98000
HW1sample.trace HW2_p0 65536 1798 8202 17.98000
HW1sample.trace HW2_p0 131072 1798 8202 17.98000
HW1sample.trace HW2_p0 262144 1798 8202 17.98000
HW1sample.trace HW2_p0 524288 1798 8202 17.98000
HW1sample.trace HW2_p0 1048576 1798 8202 17.98000
webmail.trace HW2_p0 4096 1438987 1561013 47.96623
webmail.trace HW2_p0 8192 1473543 1526457 49.11810
webmail.trace HW2_p0 16384 1511528 1488472 50.38427
webmail.trace HW2_p0 32768 1539564 1460436 51.31880
webmail.trace HW2_p0 65536 2238498 761502 74.61660
webmail.trace HW2_p0 131072 2464387 535613 82.14623
webmail.trace HW2_p0 262144 2670901 329099 89.03003
webmail.trace HW2_p0 524288 2670953 329047 89.03177
webmail.trace HW2_p0 1048576 2670953 329047 89.03177
src1_2.trace HW2_p0 4096 1224194 683579 64.16875
src1_2.trace HW2_p0 8192 1320594 587179 69.22176
src1_2.trace HW2_p0 16384 1405328 502445 73.66327
src1_2.trace HW2_p0 32768 1515825 391948 79.45521
src1_2.trace HW2_p0 65536 1584997 322776 83.08101
src1_2.trace HW2_p0 131072 1751990 155783 91.83430
src1_2.trace HW2_p0 262144 1753646 154127 91.92110
src1_2.trace HW2_p0 524288 1753646 154127 91.92110
src1_2.trace HW2_p0 1048576 1753646 154127 91.92110
synthetic.trace HW2_p0 4096 1361943 735209 64.94250
synthetic.trace HW2_p0 8192 1471269 625883 70.15557
synthetic.trace HW2_p0 16384 1575221 521931 75.11239
synthetic.trace HW2_p0 32768 1665682 431470 79.42591
synthetic.trace HW2_p0 65536 1755297 341855 83.69908
synthetic.trace HW2_p0 131072 1866721 230431 89.01219
synthetic.trace HW2_p0 262144 1905849 191303 90.87796
synthetic.trace HW2_p0 524288 1905849 191303 90.87796
synthetic.trace HW2_p0 1048576 1905849 191303 90.87796
