webmail_250K.trace FIFO 1048576 664536 1335464 33.22680
webmail_250K.trace FIFO 65536 496544 1503456 24.82720
webmail_250K.trace FIFO 4096 212232 1787768 10.61160
synthetic2_1.5M.trace FIFO 32768 698373 801627 46.55820
webmail_250K.trace FIFO 8192 362408 1637592 18.12040
webmail_250K.trace FIFO 131072 532424 1467576 26.62120
synthetic2_1.5M.trace FIFO 65536 806623 693377 53.77487
synthetic2_1.5M.trace FIFO 4096 432850 1067150 28.85667
webmail_250K.trace FIFO 16384 438000 1562000 21.90000
webmail_250K.trace FIFO 262144 567432 1432568 28.37160
synthetic2_1.5M.trace FIFO 131072 922920 577080 61.52800
synthetic2_1.5M.trace FIFO 8192 512167 987833 34.14447
webmail_250K.trace FIFO 524288 621976 1378024 31.09880
synthetic2_1.5M.trace FIFO 262144 1037186 462814 69.14573
synthetic2_1.5M.trace FIFO 16384 600235 899765 40.01567
webmail_250K.trace FIFO 32768 475936 1524064 23.79680
synthetic_1.5M.trace FIFO 16384 1012558 487442 67.50387
synthetic2_1.5M.trace FIFO 524288 1095385 404615 73.02567
synthetic_1.5M.trace FIFO 262144 1333184 166816 88.87893
synthetic_1.5M.trace FIFO 32768 1114223 385777 74.28153
synthetic_1.5M.trace FIFO 524288 1333184 166816 88.87893
synthetic2_1.5M.trace FIFO 1048576 1095385 404615 73.02567
synthetic_1.5M.trace FIFO 65536 1217063 282937 81.13753
prxy_1_75K.trace FIFO 8192 940056 1051352 47.20560
synthetic_1.5M.trace FIFO 1048576 1333184 166816 88.87893
synthetic_1.5M.trace FIFO 131072 1307378 192622 87.15853
synthetic_1.5M.trace FIFO 4096 816781 683219 54.45207
prxy_1_75K.trace FIFO 4096 937008 1054400 47.05254
prxy_1_75K.trace FIFO 131072 1017832 973576 51.11117
synthetic_1.5M.trace FIFO 8192 913368 586632 60.89120
prxy_1_75K.trace FIFO 16384 946968 1044440 47.55269
prxy_1_75K.trace FIFO 262144 1337584 653824 67.16775
prxy_1_75K.trace FIFO 524288 1711440 279968 85.94120
Financial2_01.trace FIFO 65536 3994640 113792 97.23028
Financial2_01.trace FIFO 4096 3183970 924462 77.49842
prxy_1_75K.trace FIFO 1048576 1711440 279968 85.94120
prxy_1_75K.trace FIFO 32768 960840 1030568 48.24928
Financial2_01.trace FIFO 131072 4016519 91913 97.76282
Financial2_01.trace FIFO 1048576 4016519 91913 97.76282
prxy_1_75K.trace FIFO 65536 989472 1001936 49.68706
proj_1_20K.trace FIFO 4096 91736 992384 8.46179
Financial2_01.trace FIFO 8192 3571504 536928 86.93107
proj_1_20K.trace FIFO 8192 96960 987160 8.94366
proj_1_20K.trace FIFO 16384 101544 982576 9.36649
Financial2_01.trace FIFO 262144 4016519 91913 97.76282
proj_1_20K.trace FIFO 32768 110280 973840 10.17231
proj_1_20K.trace FIFO 524288 171336 912784 15.80415
proj_1_20K.trace FIFO 1048576 182520 901600 16.83577
proj_1_20K.trace FIFO 65536 120232 963888 11.09029
Financial2_01.trace FIFO 16384 3800966 307466 92.51622
Financial2_01.trace FIFO 524288 4016519 91913 97.76282
src1_2_40K.trace FIFO 4096 146424 2453904 5.63098
proj_1_20K.trace FIFO 131072 133328 950792 12.29827
src1_2_40K.trace FIFO 16384 162736 2437592 6.25829
src1_2_40K.trace FIFO 8192 156152 2444176 6.00509
proj_1_20K.trace FIFO 262144 159432 924688 14.70612
Financial2_01.trace FIFO 32768 3936148 172284 95.80658
src1_2_40K.trace FIFO 32768 180872 2419456 6.95574
src1_2_40K.trace FIFO 262144 485992 2114336 18.68964
src1_2_40K.trace FIFO 65536 258072 2342256 9.92459
src1_2_40K.trace FIFO 524288 531208 2069120 20.42850
src1_2_40K.trace FIFO 131072 363664 2236664 13.98531
src1_2_40K.trace FIFO 1048576 698640 1901688 26.86738
synthetic2_1.5M.trace LRU 4096 477929 1022071 31.86193
webmail_250K.trace LRU 4096 276368 1723632 13.81840
synthetic2_1.5M.trace LRU 8192 560367 939633 37.35780
webmail_250K.trace LRU 262144 567936 1432064 28.39680
synthetic2_1.5M.trace LRU 262144 1067802 432198 71.18680
synthetic2_1.5M.trace LRU 32768 750998 749002 50.06653
webmail_250K.trace LRU 32768 498552 1501448 24.92760
webmail_250K.trace LRU 8192 450056 1549944 22.50280
synthetic2_1.5M.trace LRU 16384 651102 848898 43.40680
synthetic2_1.5M.trace LRU 524288 1095385 404615 73.02567
synthetic2_1.5M.trace LRU 65536 858716 641284 57.24773
webmail_250K.trace LRU 524288 631520 1368480 31.57600
webmail_250K.trace LRU 16384 485016 1514984 24.25080
webmail_250K.trace LRU 65536 507264 1492736 25.36320
synthetic2_1.5M.trace LRU 131072 970054 529946 64.67027
synthetic_1.5M.trace LRU 4096 873599 626401 58.23993
synthetic_1.5M.trace LRU 32768 1160231 339769 77.34873
synthetic2_1.5M.trace LRU 1048576 1095385 404615 73.02567
webmail_250K.trace LRU 1048576 668904 1331096 33.44520
synthetic_1.5M.trace LRU 8192 968110 531890 64.54067
webmail_250K.trace LRU 131072 537040 1462960 26.85200
synthetic_1.5M.trace LRU 262144 1333184 166816 88.87893
prxy_1_75K.trace LRU 4096 938360 1053048 47.12043
prxy_1_75K.trace LRU 262144 1099144 892264 55.19431
synthetic_1.5M.trace LRU 16384 1063918 436082 70.92787
prxy_1_75K.trace LRU 32768 961192 1030216 48.26695
synthetic_1.5M.trace LRU 65536 1252795 247205 83.51967
synthetic_1.5M.trace LRU 524288 1333184 166816 88.87893
prxy_1_75K.trace LRU 524288 1711440 279968 85.94120
synthetic_1.5M.trace LRU 131072 1324426 175574 88.29507
prxy_1_75K.trace LRU 8192 940848 1050560 47.24537
synthetic_1.5M.trace LRU 1048576 1333184 166816 88.87893
prxy_1_75K.trace LRU 65536 989688 1001720 49.69790
prxy_1_75K.trace LRU 1048576 1711440 279968 85.94120
prxy_1_75K.trace LRU 131072 1019552 971856 51.19754
Financial2_01.trace LRU 4096 3323840 784592 80.90288
proj_1_20K.trace LRU 4096 92296 991824 8.51345
prxy_1_75K.trace LRU 16384 947440 1043968 47.57639
proj_1_20K.trace LRU 32768 111768 972352 10.30956
Financial2_01.trace LRU 32768 3966500 141932 96.54535
proj_1_20K.trace LRU 8192 99360 984760 9.16504
proj_1_20K.trace LRU 262144 178472 905648 16.46238
proj_1_20K.trace LRU 65536 121400 962720 11.19802
Financial2_01.trace LRU 262144 4016519 91913 97.76282
proj_1_20K.trace LRU 16384 103976 980144 9.59082
proj_1_20K.trace LRU 131072 134880 949240 12.44143
proj_1_20K.trace LRU 524288 181896 902224 16.77822
Financial2_01.trace LRU 8192 3707175 401257 90.23333
proj_1_20K.trace LRU 1048576 182520 901600 16.83577
Financial2_01.trace LRU 65536 4010772 97660 97.62294
src1_2_40K.trace LRU 32768 179608 2420720 6.90713
src1_2_40K.trace LRU 4096 148456 2451872 5.70913
src1_2_40K.trace LRU 65536 266456 2333872 10.24701
src1_2_40K.trace LRU 262144 508712 2091616 19.56338
Financial2_01.trace LRU 524288 4016519 91913 97.76282
Financial2_01.trace LRU 131072 4016519 91913 97.76282
src1_2_40K.trace LRU 131072 370984 2229344 14.26682
Financial2_01.trace LRU 16384 3877561 230871 94.38056
src1_2_40K.trace LRU 8192 158832 2441496 6.10815
src1_2_40K.trace LRU 524288 531000 2069328 20.42050
Financial2_01.trace LRU 1048576 4016519 91913 97.76282
src1_2_40K.trace LRU 16384 163520 2436808 6.28844
src1_2_40K.trace LRU 1048576 698968 1901360 26.87999
synthetic2_1.5M.trace MRU 32768 121296 1378704 8.08640
synthetic2_1.5M.trace MRU 262144 835287 664713 55.68580
webmail_250K.trace MRU 262144 455909 1544091 22.79545
webmail_250K.trace MRU 32768 344739 1655261 17.23695
synthetic2_1.5M.trace MRU 4096 17763 1482237 1.18420
webmail_250K.trace MRU 4096 202508 1797492 10.12540
synthetic2_1.5M.trace MRU 65536 236047 1263953 15.73647
webmail_250K.trace MRU 524288 491418 1508582 24.57090
synthetic2_1.5M.trace MRU 524288 1095385 404615 73.02567
webmail_250K.trace MRU 8192 276532 1723468 13.82660
synthetic2_1.5M.trace MRU 131072 455181 1044819 30.34540
webmail_250K.trace MRU 1048576 593789 1406211 29.68945
synthetic_1.5M.trace MRU 4096 56448 1443552 3.76320
webmail_250K.trace MRU 16384 327138 1672862 16.35690
synthetic2_1.5M.trace MRU 8192 32584 1467416 2.17227
synthetic2_1.5M.trace MRU 1048576 1095385 404615 73.02567
webmail_250K.trace MRU 65536 374641 1625359 18.73205
synthetic_1.5M.trace MRU 8192 99551 1400449 6.63673
synthetic_1.5M.trace MRU 32768 351258 1148742 23.41720
synthetic2_1.5M.trace MRU 16384 62475 1437525 4.16500
synthetic_1.5M.trace MRU 262144 1333184 166816 88.87893
synthetic_1.5M.trace MRU 16384 184791 1315209 12.31940
webmail_250K.trace MRU 131072 399905 1600095 19.99525
prxy_1_75K.trace MRU 32768 245529 1745879 12.32942
prxy_1_75K.trace MRU 4096 33186 1958222 1.66646
synthetic_1.5M.trace MRU 524288 1333184 166816 88.87893
synthetic_1.5M.trace MRU 65536 665242 834758 44.34947
prxy_1_75K.trace MRU 65536 483039 1508369 24.25615
prxy_1_75K.trace MRU 262144 1680051 311357 84.36498
synthetic_1.5M.trace MRU 1048576 1333184 166816 88.87893
prxy_1_75K.trace MRU 8192 64128 1927280 3.22023
synthetic_1.5M.trace MRU 131072 1176357 323643 78.42380
Financial2_01.trace MRU 4096 415823 3692609 10.12121
prxy_1_75K.trace MRU 131072 936912 1054496 47.04772
prxy_1_75K.trace MRU 524288 1711440 279968 85.94120
proj_1_20K.trace MRU 4096 1313 1082807 0.12111
proj_1_20K.trace MRU 8192 2116 1082004 0.19518
proj_1_20K.trace MRU 16384 4418 1079702 0.40752
prxy_1_75K.trace MRU 16384 126087 1865321 6.33155
prxy_1_75K.trace MRU 1048576 1711440 279968 85.94120
proj_1_20K.trace MRU 32768 24841 1059279 2.29135
proj_1_20K.trace MRU 262144 98909 985211 9.12344
Financial2_01.trace MRU 262144 4016519 91913 97.76282
Financial2_01.trace MRU 8192 760064 3348368 18.50010
proj_1_20K.trace MRU 524288 134460 949660 12.40269
Financial2_01.trace MRU 32768 2065026 2043406 50.26312
proj_1_20K.trace MRU 65536 56391 1027729 5.20155
src1_2_40K.trace MRU 4096 38069 2562259 1.46401
proj_1_20K.trace MRU 131072 74179 1009941 6.84232
proj_1_20K.trace MRU 1048576 182520 901600 16.83577
src1_2_40K.trace MRU 32768 149032 2451296 5.73128
src1_2_40K.trace MRU 262144 485282 2115046 18.66234
src1_2_40K.trace MRU 8192 57192 2543136 2.19941
Financial2_01.trace MRU 524288 4016519 91913 97.76282
Financial2_01.trace MRU 16384 1289332 2819100 31.38258
src1_2_40K.trace MRU 65536 294176 2306152 11.31303
Financial2_01.trace MRU 65536 3152644 955788 76.73594
src1_2_40K.trace MRU 524288 485600 2114728 18.67457
src1_2_40K.trace MRU 16384 89770 2510558 3.45226
src1_2_40K.trace MRU 131072 409118 2191210 15.73332
Financial2_01.trace MRU 1048576 4016519 91913 97.76282
src1_2_40K.trace MRU 1048576 685062 1915266 26.34521
Financial2_01.trace MRU 131072 4016519 91913 97.76282
webmail_250K.trace RAND 4096 257251 1742749 12.86255
synthetic2_1.5M.trace RAND 4096 432857 1067143 28.85713
synthetic2_1.5M.trace RAND 262144 1050440 449560 70.02933
webmail_250K.trace RAND 32768 470082 1529918 23.50410
synthetic2_1.5M.trace RAND 32768 699729 800271 46.64860
synthetic2_1.5M.trace RAND 8192 512558 987442 34.17053
webmail_250K.trace RAND 8192 364164 1635836 18.20820
synthetic2_1.5M.trace RAND 524288 1095385 404615 73.02567
synthetic2_1.5M.trace RAND 65536 808560 691440 53.90400
webmail_250K.trace RAND 262144 557556 1442444 27.87780
webmail_250K.trace RAND 65536 497912 1502088 24.89560
synthetic2_1.5M.trace RAND 16384 600423 899577 40.02820
synthetic2_1.5M.trace RAND 1048576 1095385 404615 73.02567
webmail_250K.trace RAND 16384 431529 1568471 21.57645
synthetic2_1.5M.trace RAND 131072 928986 571014 61.93240
synthetic_1.5M.trace RAND 4096 817110 682890 54.47400
synthetic_1.5M.trace RAND 262144 1333184 166816 88.87893
synthetic_1.5M.trace RAND 32768 1115749 384251 74.38327
prxy_1_75K.trace RAND 4096 925290 1066118 46.46411
webmail_250K.trace RAND 131072 523559 1476441 26.17795
synthetic_1.5M.trace RAND 524288 1333184 166816 88.87893
synthetic_1.5M.trace RAND 8192 913558 586442 60.90387
synthetic_1.5M.trace RAND 65536 1221242 278758 81.41613
prxy_1_75K.trace RAND 8192 935275 1056133 46.96551
synthetic_1.5M.trace RAND 16384 1012953 487047 67.53020
synthetic_1.5M.trace RAND 1048576 1333184 166816 88.87893
prxy_1_75K.trace RAND 32768 959301 1032107 48.17200
prxy_1_75K.trace RAND 16384 945115 1046293 47.45964
synthetic_1.5M.trace RAND 131072 1317348 182652 87.82320
prxy_1_75K.trace RAND 262144 1661626 329782 83.43976
webmail_250K.trace RAND 524288 613351 1386649 30.66755
prxy_1_75K.trace RAND 65536 991698 999710 49.79884
prxy_1_75K.trace RAND 524288 1711440 279968 85.94120
Financial2_01.trace RAND 4096 3157006 951426 76.84211
Financial2_01.trace RAND 262144 4016519 91913 97.76282
Financial2_01.trace RAND 32768 3924618 183814 95.52593
prxy_1_75K.trace RAND 131072 1136564 854844 57.07339
prxy_1_75K.trace RAND 1048576 1711440 279968 85.94120
proj_1_20K.trace RAND 4096 85590 998530 7.89488
proj_1_20K.trace RAND 8192 92881 991239 8.56741
proj_1_20K.trace RAND 16384 99848 984272 9.21005
proj_1_20K.trace RAND 32768 107804 976316 9.94392
Financial2_01.trace RAND 8192 3547813 560619 86.35443
webmail_250K.trace RAND 1048576 666824 1333176 33.34120
proj_1_20K.trace RAND 65536 119494 964626 11.02221
Financial2_01.trace RAND 524288 4016519 91913 97.76282
Financial2_01.trace RAND 65536 4000197 108235 97.36554
proj_1_20K.trace RAND 262144 160313 923807 14.78739
proj_1_20K.trace RAND 131072 138372 945748 12.76353
src1_2_40K.trace RAND 4096 140111 2460217 5.38820
Financial2_01.trace RAND 16384 3789065 319367 92.22655
src1_2_40K.trace RAND 32768 191154 2409174 7.35115
proj_1_20K.trace RAND 524288 175439 908681 16.18262
Financial2_01.trace RAND 131072 4016519 91913 97.76282
Financial2_01.trace RAND 1048576 4016519 91913 97.76282
src1_2_40K.trace RAND 8192 151129 2449199 5.81192
proj_1_20K.trace RAND 1048576 182520 901600 16.83577
src1_2_40K.trace RAND 16384 163568 2436760 6.29028
src1_2_40K.trace RAND 65536 254776 2345552 9.79784
src1_2_40K.trace RAND 262144 441384 2158944 16.97417
src1_2_40K.trace RAND 131072 348049 2252279 13.38481
src1_2_40K.trace RAND 524288 557246 2043082 21.42984
src1_2_40K.trace RAND 1048576 692683 1907645 26.63829
