prxy_1_75K.trace HW2 262144 1247258 744150 62.63197
prxy_1_75K.trace HW2 16384 960904 1030504 48.25249
prxy_1_75K.trace HW2 65536 1017095 974313 51.07416
prxy_1_75K.trace HW2 4096 940583 1050825 47.23206
prxy_1_75K.trace HW2 8192 946292 1045116 47.51874
prxy_1_75K.trace HW2 32768 992711 998697 49.84970
prxy_1_75K.trace HW2 131072 1251624 739784 62.85121
prxy_1_75K.trace HW2 524288 1711440 279968 85.94120
prxy_1_75K.trace HW2 1048576 1711440 279968 85.94120
Financial2_01.trace HW2 8192 3679419 429013 89.55774
Financial2_01.trace HW2 4096 3310719 797713 80.58352
Financial2_01.trace HW2 32768 3962058 146374 96.43723
Financial2_01.trace HW2 16384 3859360 249072 93.93754
proj_1_20K.trace HW2 4096 96983 987137 8.94578
Financial2_01.trace HW2 524288 4016519 91913 97.76282
Financial2_01.trace HW2 131072 4016519 91913 97.76282
proj_1_20K.trace HW2 8192 106295 977825 9.80473
Financial2_01.trace HW2 65536 4010549 97883 97.61751
proj_1_20K.trace HW2 16384 115323 968797 10.63748
proj_1_20K.trace HW2 32768 121192 962928 11.17884
proj_1_20K.trace HW2 65536 127256 956864 11.73818
Financial2_01.trace HW2 1048576 4016519 91913 97.76282
proj_1_20K.trace HW2 262144 180584 903536 16.65720
proj_1_20K.trace HW2 131072 149496 934624 13.78962
proj_1_20K.trace HW2 1048576 182520 901600 16.83577
Financial2_01.trace HW2 262144 4016519 91913 97.76282
proj_1_20K.trace HW2 524288 181872 902248 16.77600
synthetic2_1.5M.trace HW2 4096 601675 898325 40.11167
webmail_250K.trace HW2 32768 505872 1494128 25.29360
webmail_250K.trace HW2 262144 577320 1422680 28.86600
webmail_250K.trace HW2 4096 415378 1584622 20.76890
synthetic2_1.5M.trace HW2 8192 671157 828843 44.74380
webmail_250K.trace HW2 65536 513264 1486736 25.66320
webmail_250K.trace HW2 524288 630352 1369648 31.51760
synthetic2_1.5M.trace HW2 16384 743784 756216 49.58560
webmail_250K.trace HW2 131072 537280 1462720 26.86400
webmail_250K.trace HW2 8192 480255 1519745 24.01275
synthetic2_1.5M.trace HW2 32768 823896 676104 54.92640
webmail_250K.trace HW2 1048576 670024 1329976 33.50120
synthetic2_1.5M.trace HW2 262144 1070984 429016 71.39893
synthetic2_1.5M.trace HW2 65536 908094 591906 60.53960
webmail_250K.trace HW2 16384 489478 1510522 24.47390
synthetic_1.5M.trace HW2 4096 951765 548235 63.45100
synthetic_1.5M.trace HW2 32768 1179986 320014 78.66573
synthetic2_1.5M.trace HW2 131072 994263 505737 66.28420
synthetic_1.5M.trace HW2 8192 1027054 472946 68.47027
synthetic2_1.5M.trace HW2 524288 1095385 404615 73.02567
synthetic_1.5M.trace HW2 262144 1333184 166816 88.87893
synthetic_1.5M.trace HW2 16384 1103470 396530 73.56467
synthetic_1.5M.trace HW2 65536 1254773 245227 83.65153
synthetic2_1.5M.trace HW2 1048576 1095385 404615 73.02567
synthetic_1.5M.trace HW2 524288 1333184 166816 88.87893
synthetic_1.5M.trace HW2 131072 1325054 174946 88.33693
src1_2_40K.trace HW2 4096 154433 2445895 5.93898
synthetic_1.5M.trace HW2 1048576 1333184 166816 88.87893
src1_2_40K.trace HW2 32768 193927 2406401 7.45779
src1_2_40K.trace HW2 8192 161622 2438706 6.21545
src1_2_40K.trace HW2 262144 524328 2076000 20.16392
src1_2_40K.trace HW2 65536 271795 2328533 10.45234
src1_2_40K.trace HW2 524288 529056 2071272 20.34574
src1_2_40K.trace HW2 16384 173745 2426583 6.68166
src1_2_40K.trace HW2 131072 409664 2190664 15.75432
src1_2_40K.trace HW2 1048576 697072 1903256 26.80708
