Financial2_01.NoDup HW4 2048 365179 86174 80.90763
synthetic2.NoDup HW4 1024 55940 444060 11.18800
Financial2_01.NoDup HW4 4096 390216 61137 86.45473
synthetic2.HighDup HW4 8192 192244 307756 38.44880
synthetic2.NoDup HW4 32768 113945 386055 22.78900
synthetic2.NoDup HW4 2048 66662 433338 13.33240
Financial2_01.NoDup HW4 8192 399213 52140 88.44807
synthetic2.HighDup HW4 16384 260045 239955 52.00900
synthetic2.NoDup HW4 4096 77921 422079 15.58420
synthetic2.HighDup HW4 32768 330831 169169 66.16620
Financial2_01.NoDup HW4 16384 402898 48455 89.26450
synthetic2.NoDup HW4 8192 89544 410456 17.90880
synthetic2.NoDup HW4 16384 101591 398409 20.31820
Financial2_01.NoDup HW4 32768 403841 47512 89.47343
synthetic2.NoDup HW4_LBA_ARC 1024 54395 445605 10.87900
synthetic2.HighDup HW4_LBA_ARC 1024 75209 424791 15.04180
synthetic2.NoDup HW4_LBA_ARC 2048 65443 434557 13.08860
Financial2_01.NoDup HW4_LBA_ARC 1024 321103 130250 71.14232
synthetic2.HighDup HW4_LBA_ARC 2048 101955 398045 20.39100
synthetic2.LowDup HW4 16384 115124 384876 23.02480
synthetic2.LowDup HW4 32768 137074 362926 27.41480
synthetic2.NoDup HW4_LBA_ARC 4096 77269 422731 15.45380
synthetic2.LowDup HW4_LBA_ARC 1024 55526 444474 11.10520
synthetic2.HighDup HW4_LBA_ARC 4096 139523 360477 27.90460
synthetic2.LowDup HW4_LBA_ARC 2048 67625 432375 13.52500
Financial2_01.NoDup HW4_LBA_ARC 2048 361317 90036 80.05198
synthetic2.LowDup HW4_LBA_ARC 4096 81152 418848 16.23040
Financial2_01.NoDup HW4_LBA_ARC 4096 387981 63372 85.95955
synthetic2.NoDup HW4_LBA_ARC 8192 89887 410113 17.97740
prxy_1.HighDup HW4 4096 100899 148027 40.53373
prxy_1.HighDup HW4 8192 123671 125255 49.68183
prxy_1.HighDup HW4 16384 166528 82398 66.89860
prxy_1.HighDup HW4 32768 209033 39893 83.97395
prxy_1.HighDup HW4_LBA_ARC 1024 76461 172465 30.71636
prxy_1.HighDup HW4_LBA_ARC 2048 85968 162958 34.53556
synthetic2.HighDup HW4_LBA_ARC 8192 191901 308099 38.38020
synthetic2.LowDup HW4_LBA_ARC 8192 96785 403215 19.35700
prxy_1.HighDup HW4_LBA_ARC 4096 100931 147995 40.54659
synthetic2.NoDup HW4_LBA_ARC 16384 103612 396388 20.72240
Financial2_01.NoDup HW4_LBA_ARC 32768 403850 47503 89.47542
synthetic2.LowDup HW4 1024 57172 442828 11.43440
synthetic2.LowDup HW4 2048 68949 431051 13.78980
synthetic2.LowDup HW4 4096 82277 417723 16.45540
synthetic2.LowDup HW4 8192 97210 402790 19.44200
prxy_1.LowDup HW4 1024 64317 184609 25.83780
prxy_1.LowDup HW4 2048 65010 183916 26.11620
prxy_1.LowDup HW4 4096 66177 182749 26.58501
prxy_1.LowDup HW4 8192 68335 180591 27.45193
prxy_1.LowDup HW4 16384 76445 172481 30.70993
prxy_1.LowDup HW4 32768 93611 155315 37.60596
prxy_1.LowDup HW4_LBA_ARC 1024 64326 184600 25.84141
prxy_1.LowDup HW4_LBA_ARC 2048 65026 183900 26.12262
prxy_1.HighDup HW4_LBA_ARC 8192 123695 125231 49.69147
prxy_1.LowDup HW4_LBA_ARC 4096 66335 182591 26.64848
Financial2_01.NoDup HW4_LBA_ARC 8192 397969 53384 88.17245
prxy_1.HighDup HW4_LBA_ARC 16384 166529 82397 66.89900
prxy_1.LowDup HW4_LBA_ARC 8192 68646 180280 27.57687
prxy_1.HighDup HW4_LBA_ARC 32768 209033 39893 83.97395
Financial2_01.LowDup HW4 8192 404481 46872 89.61522
Financial2_01.LowDup HW4 16384 409704 41649 90.77241
Financial2_01.LowDup HW4 32768 411989 39364 91.27867
prxy_1.LowDup HW4_LBA_ARC 16384 74367 174559 29.87514
Financial2_01.LowDup HW4_LBA_ARC 1024 330979 120374 73.33041
synthetic2.HighDup HW4_LBA_ARC 16384 260039 239961 52.00780
Financial2_01.NoDup HW4_LBA_ARC 16384 402470 48883 89.16967
synthetic2.LowDup HW4_LBA_ARC 16384 115515 384485 23.10300
Financial2_01.LowDup HW4_LBA_ARC 2048 368638 82715 81.67399
prxy_1.NoDup HW4 2048 63563 185363 25.53490
prxy_1.NoDup HW4 4096 63609 185317 25.55338
prxy_1.NoDup HW4 8192 63888 185038 25.66546
prxy_1.NoDup HW4 16384 66259 182667 26.61795
prxy_1.NoDup HW4 32768 66873 182053 26.86461
prxy_1.NoDup HW4_LBA_ARC 1024 63574 185352 25.53932
prxy_1.NoDup HW4_LBA_ARC 2048 63667 185259 25.57668
prxy_1.NoDup HW4_LBA_ARC 4096 63892 185034 25.66707
Financial2_01.LowDup HW4_LBA_ARC 4096 393598 57755 87.20403
prxy_1.NoDup HW4_LBA_ARC 8192 64412 184514 25.87596
prxy_1.LowDup HW4_LBA_ARC 32768 89924 159002 36.12479
Financial2_01.LowDup HW4 1024 337167 114186 74.70140
Financial2_01.LowDup HW4 2048 371752 79601 82.36391
Financial2_01.LowDup HW4 4096 394337 57016 87.36776
synthetic2.NoDup HW4_LBA_ARC 32768 117814 382186 23.56280
synthetic2.HighDup HW4 1024 76959 423041 15.39180
synthetic2.HighDup HW4 2048 103408 396592 20.68160
synthetic2.HighDup HW4 4096 140492 359508 28.09840
Financial2_01.HighDup HW4 16384 438011 13342 97.04400
Financial2_01.HighDup HW4 32768 438011 13342 97.04400
prxy_1.NoDup HW4_LBA_ARC 16384 65201 183725 26.19292
Financial2_01.HighDup HW4_LBA_ARC 1024 377901 73452 83.72626
Financial2_01.LowDup HW4_LBA_ARC 8192 403978 47375 89.50378
Financial2_01.HighDup HW4_LBA_ARC 8192 438011 13342 97.04400
Financial2_01.HighDup HW4_LBA_ARC 2048 413338 38015 91.57755
synthetic2.HighDup HW4_LBA_ARC 32768 330906 169094 66.18120
Financial2_01.NoDup HW4 1024 327578 123775 72.57690
prxy_1.NoDup HW4_LBA_ARC 32768 66199 182727 26.59385
Financial2_01.HighDup HW4 1024 377782 73571 83.69990
Financial2_01.HighDup HW4_LBA_ARC 16384 438011 13342 97.04400
Financial2_01.HighDup HW4 2048 413159 38194 91.53789
Financial2_01.HighDup HW4 4096 433012 18341 95.93644
Financial2_01.HighDup HW4 8192 438011 13342 97.04400
Financial2_01.HighDup HW4_LBA_ARC 4096 433126 18227 95.96170
Financial2_01.HighDup HW4_LBA_ARC 32768 438011 13342 97.04400
Financial2_01.LowDup HW4_LBA_ARC 16384 409321 42032 90.68755
synthetic2.LowDup HW4_LBA_ARC 32768 137613 362387 27.52260
prxy_1.HighDup HW4 1024 76485 172441 30.72600
prxy_1.HighDup HW4 2048 85994 162932 34.54601
Financial2_01.LowDup HW4_LBA_ARC 32768 411967 39386 91.27379
prxy_1.NoDup HW4 1024 63525 185401 25.51963
