Financial2_01.HighDup LRU 1024 80.13683
Financial2_01.LowDup LRU 1024 68.05472
Financial2_01.NoDup LRU 1024 65.49375
prxy_1.HighDup LRU 1024 7.79629
prxy_1.LowDup LRU 1024 2.08857
prxy_1.NoDup LRU 1024 1.69769
synthetic2.HighDup LRU 1024 13.70500
synthetic2.LowDup LRU 1024 9.86860
synthetic2.NoDup LRU 1024 9.64400
Financial2_01.HighDup LRU 16384 97.04400
Financial2_01.LowDup LRU 16384 90.68755
Financial2_01.NoDup LRU 16384 89.16967
prxy_1.HighDup LRU 16384 83.10904
prxy_1.LowDup LRU 16384 31.30288
prxy_1.NoDup LRU 16384 25.84824
synthetic2.HighDup LRU 16384 51.20400
synthetic2.LowDup LRU 16384 21.97080
synthetic2.NoDup LRU 16384 19.55560
Financial2_01.HighDup LRU 2048 89.27979
Financial2_01.LowDup LRU 2048 79.49100
Financial2_01.NoDup LRU 2048 77.80961
prxy_1.HighDup LRU 2048 14.61599
prxy_1.LowDup LRU 2048 4.31534
prxy_1.NoDup LRU 2048 3.55849
synthetic2.HighDup LRU 2048 18.97340
synthetic2.LowDup LRU 2048 12.22140
synthetic2.NoDup LRU 2048 11.78700
Financial2_01.HighDup LRU 32768 97.04400
Financial2_01.LowDup LRU 32768 91.27379
Financial2_01.NoDup LRU 32768 89.47542
prxy_1.HighDup LRU 32768 83.97395
prxy_1.LowDup LRU 32768 36.12479
prxy_1.NoDup LRU 32768 26.59385
synthetic2.HighDup LRU 32768 66.33260
synthetic2.LowDup LRU 32768 26.67640
synthetic2.NoDup LRU 32768 22.63720
Financial2_01.HighDup LRU 4096 95.41335
Financial2_01.LowDup LRU 4096 86.62710
Financial2_01.NoDup LRU 4096 85.37597
prxy_1.HighDup LRU 4096 27.11047
prxy_1.LowDup LRU 4096 8.60617
prxy_1.NoDup LRU 4096 7.17241
synthetic2.HighDup LRU 4096 26.47280
synthetic2.LowDup LRU 4096 14.92020
synthetic2.NoDup LRU 4096 14.14520
Financial2_01.HighDup LRU 8192 97.04400
Financial2_01.LowDup LRU 8192 89.50378
Financial2_01.NoDup LRU 8192 88.17245
prxy_1.HighDup LRU 8192 50.13860
prxy_1.LowDup LRU 8192 16.61337
prxy_1.NoDup LRU 8192 13.86316
synthetic2.HighDup LRU 8192 37.17520
synthetic2.LowDup LRU 8192 18.11640
synthetic2.NoDup LRU 8192 16.73460
